# JRE version: OpenJDK Runtime Environment (18.0.1+10) (build 18.0.1+10-24)
# Java VM: OpenJDK 64-Bit Server VM (18.0.1+10-24, mixed mode, sharing, tiered, compressed oops, compressed class ptrs, g1 gc, windows-amd64)
GC Precious Log:
 CardTable entry size: 512
 Card Set container configuration: InlinePtr #cards 5 size 8 Array Of Cards #cards 12 size 40 Howl #buckets 4 coarsen threshold 1843 Howl Bitmap #cards 512 size 80 coarsen threshold 460 Card regions per heap region 1 cards per card region 2048
 CPUs: 4 total, 4 available
 Memory: 8191M
 Large Page Support: Disabled
 NUMA Support: Disabled
 Compressed Oops: Enabled (32-bit)
 Heap Region Size: 1M
 Heap Min Capacity: 8M
 Heap Initial Capacity: 128M
 Heap Max Capacity: 2G
 Pre-touch: Disabled
 Parallel Workers: 4
 Concurrent Workers: 1
 Concurrent Refinement Workers: 4
 Periodic GC: Disabled
Heap:
 garbage-first heap   total 157696K, used 55761K [0x0000000080000000, 0x0000000100000000)
  region size 1024K, 8 young (8192K), 8 survivors (8192K)
 Metaspace       used 29050K, committed 29440K, reserved 1114112K
  class space    used 3037K, committed 3264K, reserved 1048576K
GC Heap History (20 events):
Event: 0.668 GC heap after
{Heap after GC invocations=1 (full 0):
 garbage-first heap   total 131072K, used 6689K [0x0000000080000000, 0x0000000100000000)
  region size 1024K, 2 young (2048K), 2 survivors (2048K)
 Metaspace       used 3763K, committed 3968K, reserved 1114112K
  class space    used 346K, committed 448K, reserved 1048576K
}
Event: 0.940 GC heap before
{Heap before GC invocations=1 (full 0):
 garbage-first heap   total 131072K, used 18977K [0x0000000080000000, 0x0000000100000000)
  region size 1024K, 15 young (15360K), 2 survivors (2048K)
 Metaspace       used 7014K, committed 7168K, reserved 1114112K
  class space    used 635K, committed 704K, reserved 1048576K
}
Event: 0.943 GC heap after
{Heap after GC invocations=2 (full 0):
 garbage-first heap   total 131072K, used 8698K [0x0000000080000000, 0x0000000100000000)
  region size 1024K, 2 young (2048K), 2 survivors (2048K)
 Metaspace       used 7014K, committed 7168K, reserved 1114112K
  class space    used 635K, committed 704K, reserved 1048576K
}
Event: 1.279 GC heap before
{Heap before GC invocations=2 (full 0):
 garbage-first heap   total 131072K, used 33274K [0x0000000080000000, 0x0000000100000000)
  region size 1024K, 26 young (26624K), 2 survivors (2048K)
 Metaspace       used 9921K, committed 10112K, reserved 1114112K
  class space    used 904K, committed 1024K, reserved 1048576K
}
Event: 1.283 GC heap after
{Heap after GC invocations=3 (full 0):
 garbage-first heap   total 131072K, used 12820K [0x0000000080000000, 0x0000000100000000)
  region size 1024K, 4 young (4096K), 4 survivors (4096K)
 Metaspace       used 9921K, committed 10112K, reserved 1114112K
  class space    used 904K, committed 1024K, reserved 1048576K
}
Event: 1.606 GC heap before
{Heap before GC invocations=3 (full 0):
 garbage-first heap   total 131072K, used 62996K [0x0000000080000000, 0x0000000100000000)
  region size 1024K, 54 young (55296K), 4 survivors (4096K)
 Metaspace       used 13032K, committed 13184K, reserved 1114112K
  class space    used 1150K, committed 1216K, reserved 1048576K
}
Event: 1.615 GC heap after
{Heap after GC invocations=4 (full 0):
 garbage-first heap   total 131072K, used 24909K [0x0000000080000000, 0x0000000100000000)
  region size 1024K, 7 young (7168K), 7 survivors (7168K)
 Metaspace       used 13032K, committed 13184K, reserved 1114112K
  class space    used 1150K, committed 1216K, reserved 1048576K
}
Event: 1.891 GC heap before
{Heap before GC invocations=4 (full 0):
 garbage-first heap   total 131072K, used 69965K [0x0000000080000000, 0x0000000100000000)
  region size 1024K, 51 young (52224K), 7 survivors (7168K)
 Metaspace       used 16039K, committed 16192K, reserved 1114112K
  class space    used 1524K, committed 1600K, reserved 1048576K
}
Event: 1.898 GC heap after
{Heap after GC invocations=5 (full 0):
 garbage-first heap   total 131072K, used 30029K [0x0000000080000000, 0x0000000100000000)
  region size 1024K, 5 young (5120K), 5 survivors (5120K)
 Metaspace       used 16039K, committed 16192K, reserved 1114112K
  class space    used 1524K, committed 1600K, reserved 1048576K
}
Event: 2.379 GC heap before
{Heap before GC invocations=5 (full 0):
 garbage-first heap   total 131072K, used 79181K [0x0000000080000000, 0x0000000100000000)
  region size 1024K, 53 young (54272K), 5 survivors (5120K)
 Metaspace       used 18280K, committed 18496K, reserved 1114112K
  class space    used 1766K, committed 1856K, reserved 1048576K
}
Event: 2.384 GC heap after
{Heap after GC invocations=6 (full 0):
 garbage-first heap   total 131072K, used 37888K [0x0000000080000000, 0x0000000100000000)
  region size 1024K, 7 young (7168K), 7 survivors (7168K)
 Metaspace       used 18280K, committed 18496K, reserved 1114112K
  class space    used 1766K, committed 1856K, reserved 1048576K
}
Event: 2.636 GC heap before
{Heap before GC invocations=6 (full 0):
 garbage-first heap   total 131072K, used 86016K [0x0000000080000000, 0x0000000100000000)
  region size 1024K, 54 young (55296K), 7 survivors (7168K)
 Metaspace       used 20795K, committed 20992K, reserved 1114112K
  class space    used 2093K, committed 2176K, reserved 1048576K
}
Event: 2.641 GC heap after
{Heap after GC invocations=7 (full 0):
 garbage-first heap   total 157696K, used 42172K [0x0000000080000000, 0x0000000100000000)
  region size 1024K, 4 young (4096K), 4 survivors (4096K)
 Metaspace       used 20795K, committed 20992K, reserved 1114112K
  class space    used 2093K, committed 2176K, reserved 1048576K
}
Event: 2.695 GC heap before
{Heap before GC invocations=7 (full 0):
 garbage-first heap   total 157696K, used 50364K [0x0000000080000000, 0x0000000100000000)
  region size 1024K, 13 young (13312K), 4 survivors (4096K)
 Metaspace       used 21322K, committed 21504K, reserved 1114112K
  class space    used 2155K, committed 2240K, reserved 1048576K
}
Event: 2.698 GC heap after
{Heap after GC invocations=8 (full 0):
 garbage-first heap   total 157696K, used 42877K [0x0000000080000000, 0x0000000100000000)
  region size 1024K, 5 young (5120K), 5 survivors (5120K)
 Metaspace       used 21322K, committed 21504K, reserved 1114112K
  class space    used 2155K, committed 2240K, reserved 1048576K
}
Event: 3.190 GC heap before
{Heap before GC invocations=9 (full 0):
 garbage-first heap   total 153600K, used 108413K [0x0000000080000000, 0x0000000100000000)
  region size 1024K, 69 young (70656K), 5 survivors (5120K)
 Metaspace       used 24914K, committed 25216K, reserved 1114112K
  class space    used 2574K, committed 2688K, reserved 1048576K
}
Event: 3.195 GC heap after
{Heap after GC invocations=10 (full 0):
 garbage-first heap   total 153600K, used 47449K [0x0000000080000000, 0x0000000100000000)
  region size 1024K, 9 young (9216K), 9 survivors (9216K)
 Metaspace       used 24914K, committed 25216K, reserved 1114112K
  class space    used 2574K, committed 2688K, reserved 1048576K
}
Event: 3.202 GC heap before
{Heap before GC invocations=10 (full 0):
 garbage-first heap   total 153600K, used 48473K [0x0000000080000000, 0x0000000100000000)
  region size 1024K, 10 young (10240K), 9 survivors (9216K)
 Metaspace       used 24962K, committed 25280K, reserved 1114112K
  class space    used 2584K, committed 2752K, reserved 1048576K
}
Event: 3.207 GC heap after
{Heap after GC invocations=11 (full 0):
 garbage-first heap   total 153600K, used 47670K [0x0000000080000000, 0x0000000100000000)
  region size 1024K, 2 young (2048K), 2 survivors (2048K)
 Metaspace       used 24962K, committed 25280K, reserved 1114112K
  class space    used 2584K, committed 2752K, reserved 1048576K
}
Event: 3.829 GC heap before
{Heap before GC invocations=11 (full 0):
 garbage-first heap   total 153600K, used 111158K [0x0000000080000000, 0x0000000100000000)
  region size 1024K, 64 young (65536K), 2 survivors (2048K)
 Metaspace       used 29050K, committed 29440K, reserved 1114112K
  class space    used 3037K, committed 3264K, reserved 1048576K
}

