# JRE version: OpenJDK Runtime Environment (18.0.1+10) (build 18.0.1+10-24)
# Java VM: OpenJDK 64-Bit Server VM (18.0.1+10-24, mixed mode, sharing, tiered, compressed oops, compressed class ptrs, g1 gc, windows-amd64)
GC Precious Log:
 CardTable entry size: 512
 Card Set container configuration: InlinePtr #cards 5 size 8 Array Of Cards #cards 12 size 40 Howl #buckets 4 coarsen threshold 1843 Howl Bitmap #cards 512 size 80 coarsen threshold 460 Card regions per heap region 1 cards per card region 2048
 CPUs: 4 total, 4 available
 Memory: 8191M
 Large Page Support: Disabled
 NUMA Support: Disabled
 Compressed Oops: Enabled (32-bit)
 Heap Region Size: 1M
 Heap Min Capacity: 8M
 Heap Initial Capacity: 128M
 Heap Max Capacity: 2G
 Pre-touch: Disabled
 Parallel Workers: 4
 Concurrent Workers: 1
 Concurrent Refinement Workers: 4
 Periodic GC: Disabled
Heap:
 garbage-first heap   total 131072K, used 41317K [0x0000000080000000, 0x0000000100000000)
  region size 1024K, 28 young (28672K), 7 survivors (7168K)
 Metaspace       used 13737K, committed 13888K, reserved 1114112K
  class space    used 1244K, committed 1344K, reserved 1048576K
GC Heap History (8 events):
Event: 2.833 GC heap before
{Heap before GC invocations=0 (full 0):
 garbage-first heap   total 131072K, used 13312K [0x0000000080000000, 0x0000000100000000)
  region size 1024K, 13 young (13312K), 0 survivors (0K)
 Metaspace       used 3755K, committed 3968K, reserved 1114112K
  class space    used 345K, committed 448K, reserved 1048576K
}
Event: 2.835 GC heap after
{Heap after GC invocations=1 (full 0):
 garbage-first heap   total 131072K, used 6497K [0x0000000080000000, 0x0000000100000000)
  region size 1024K, 2 young (2048K), 2 survivors (2048K)
 Metaspace       used 3755K, committed 3968K, reserved 1114112K
  class space    used 345K, committed 448K, reserved 1048576K
}
Event: 3.693 GC heap before
{Heap before GC invocations=1 (full 0):
 garbage-first heap   total 131072K, used 19809K [0x0000000080000000, 0x0000000100000000)
  region size 1024K, 15 young (15360K), 2 survivors (2048K)
 Metaspace       used 6953K, committed 7104K, reserved 1114112K
  class space    used 629K, committed 704K, reserved 1048576K
}
Event: 3.695 GC heap after
{Heap after GC invocations=2 (full 0):
 garbage-first heap   total 131072K, used 8425K [0x0000000080000000, 0x0000000100000000)
  region size 1024K, 2 young (2048K), 2 survivors (2048K)
 Metaspace       used 6953K, committed 7104K, reserved 1114112K
  class space    used 629K, committed 704K, reserved 1048576K
}
Event: 6.264 GC heap before
{Heap before GC invocations=2 (full 0):
 garbage-first heap   total 131072K, used 33001K [0x0000000080000000, 0x0000000100000000)
  region size 1024K, 26 young (26624K), 2 survivors (2048K)
 Metaspace       used 9842K, committed 10048K, reserved 1114112K
  class space    used 898K, committed 1024K, reserved 1048576K
}
Event: 6.267 GC heap after
{Heap after GC invocations=3 (full 0):
 garbage-first heap   total 131072K, used 12654K [0x0000000080000000, 0x0000000100000000)
  region size 1024K, 4 young (4096K), 4 survivors (4096K)
 Metaspace       used 9842K, committed 10048K, reserved 1114112K
  class space    used 898K, committed 1024K, reserved 1048576K
}
Event: 9.914 GC heap before
{Heap before GC invocations=3 (full 0):
 garbage-first heap   total 131072K, used 60782K [0x0000000080000000, 0x0000000100000000)
  region size 1024K, 52 young (53248K), 4 survivors (4096K)
 Metaspace       used 12878K, committed 13056K, reserved 1114112K
  class space    used 1135K, committed 1216K, reserved 1048576K
}
Event: 9.921 GC heap after
{Heap after GC invocations=4 (full 0):
 garbage-first heap   total 131072K, used 20837K [0x0000000080000000, 0x0000000100000000)
  region size 1024K, 7 young (7168K), 7 survivors (7168K)
 Metaspace       used 12878K, committed 13056K, reserved 1114112K
  class space    used 1135K, committed 1216K, reserved 1048576K
}

