# JRE version: OpenJDK Runtime Environment (18.0.1+10) (build 18.0.1+10-24)
# Java VM: OpenJDK 64-Bit Server VM (18.0.1+10-24, mixed mode, sharing, tiered, compressed oops, compressed class ptrs, g1 gc, windows-amd64)
GC Precious Log:
 CardTable entry size: 512
 Card Set container configuration: InlinePtr #cards 5 size 8 Array Of Cards #cards 12 size 40 Howl #buckets 4 coarsen threshold 1843 Howl Bitmap #cards 512 size 80 coarsen threshold 460 Card regions per heap region 1 cards per card region 2048
 CPUs: 4 total, 4 available
 Memory: 8191M
 Large Page Support: Disabled
 NUMA Support: Disabled
 Compressed Oops: Enabled (32-bit)
 Heap Region Size: 1M
 Heap Min Capacity: 8M
 Heap Initial Capacity: 128M
 Heap Max Capacity: 2G
 Pre-touch: Disabled
 Parallel Workers: 4
 Concurrent Workers: 1
 Concurrent Refinement Workers: 4
 Periodic GC: Disabled
Heap:
 garbage-first heap   total 144384K, used 88298K [0x0000000080000000, 0x0000000100000000)
  region size 1024K, 27 young (27648K), 3 survivors (3072K)
 Metaspace       used 29411K, committed 29888K, reserved 1114112K
  class space    used 3056K, committed 3264K, reserved 1048576K
GC Heap History (20 events):
Event: 4.266 GC heap before
{Heap before GC invocations=9 (full 0):
 garbage-first heap   total 59392K, used 44286K [0x0000000080000000, 0x0000000100000000)
  region size 1024K, 18 young (18432K), 3 survivors (3072K)
 Metaspace       used 24033K, committed 24384K, reserved 1114112K
  class space    used 2601K, committed 2752K, reserved 1048576K
}
Event: 4.269 GC heap after
{Heap after GC invocations=10 (full 0):
 garbage-first heap   total 59392K, used 34271K [0x0000000080000000, 0x0000000100000000)
  region size 1024K, 3 young (3072K), 3 survivors (3072K)
 Metaspace       used 24033K, committed 24384K, reserved 1114112K
  class space    used 2601K, committed 2752K, reserved 1048576K
}
Event: 4.316 GC heap before
{Heap before GC invocations=10 (full 0):
 garbage-first heap   total 59392K, used 44511K [0x0000000080000000, 0x0000000100000000)
  region size 1024K, 13 young (13312K), 3 survivors (3072K)
 Metaspace       used 24270K, committed 24640K, reserved 1114112K
  class space    used 2621K, committed 2752K, reserved 1048576K
}
Event: 4.320 GC heap after
{Heap after GC invocations=11 (full 0):
 garbage-first heap   total 99328K, used 36554K [0x0000000080000000, 0x0000000100000000)
  region size 1024K, 2 young (2048K), 2 survivors (2048K)
 Metaspace       used 24270K, committed 24640K, reserved 1114112K
  class space    used 2621K, committed 2752K, reserved 1048576K
}
Event: 4.808 GC heap before
{Heap before GC invocations=12 (full 0):
 garbage-first heap   total 99328K, used 66250K [0x0000000080000000, 0x0000000100000000)
  region size 1024K, 30 young (30720K), 2 survivors (2048K)
 Metaspace       used 26058K, committed 26432K, reserved 1114112K
  class space    used 2794K, committed 2944K, reserved 1048576K
}
Event: 4.817 GC heap after
{Heap after GC invocations=13 (full 0):
 garbage-first heap   total 99328K, used 42233K [0x0000000080000000, 0x0000000100000000)
  region size 1024K, 4 young (4096K), 4 survivors (4096K)
 Metaspace       used 26058K, committed 26432K, reserved 1114112K
  class space    used 2794K, committed 2944K, reserved 1048576K
}
Event: 5.489 GC heap before
{Heap before GC invocations=13 (full 0):
 garbage-first heap   total 99328K, used 70905K [0x0000000080000000, 0x0000000100000000)
  region size 1024K, 30 young (30720K), 4 survivors (4096K)
 Metaspace       used 27156K, committed 27520K, reserved 1114112K
  class space    used 2867K, committed 3008K, reserved 1048576K
}
Event: 5.497 GC heap after
{Heap after GC invocations=14 (full 0):
 garbage-first heap   total 99328K, used 45153K [0x0000000080000000, 0x0000000100000000)
  region size 1024K, 2 young (2048K), 2 survivors (2048K)
 Metaspace       used 27156K, committed 27520K, reserved 1114112K
  class space    used 2867K, committed 3008K, reserved 1048576K
}
Event: 7.178 GC heap before
{Heap before GC invocations=14 (full 0):
 garbage-first heap   total 99328K, used 70753K [0x0000000080000000, 0x0000000100000000)
  region size 1024K, 28 young (28672K), 2 survivors (2048K)
 Metaspace       used 27607K, committed 28032K, reserved 1114112K
  class space    used 2902K, committed 3072K, reserved 1048576K
}
Event: 7.182 GC heap after
{Heap after GC invocations=15 (full 0):
 garbage-first heap   total 99328K, used 45671K [0x0000000080000000, 0x0000000100000000)
  region size 1024K, 4 young (4096K), 4 survivors (4096K)
 Metaspace       used 27607K, committed 28032K, reserved 1114112K
  class space    used 2902K, committed 3072K, reserved 1048576K
}
Event: 7.964 GC heap before
{Heap before GC invocations=15 (full 0):
 garbage-first heap   total 99328K, used 74343K [0x0000000080000000, 0x0000000100000000)
  region size 1024K, 31 young (31744K), 4 survivors (4096K)
 Metaspace       used 27664K, committed 28032K, reserved 1114112K
  class space    used 2902K, committed 3072K, reserved 1048576K
}
Event: 7.972 GC heap after
{Heap after GC invocations=16 (full 0):
 garbage-first heap   total 99328K, used 56976K [0x0000000080000000, 0x0000000100000000)
  region size 1024K, 4 young (4096K), 4 survivors (4096K)
 Metaspace       used 27664K, committed 28032K, reserved 1114112K
  class space    used 2902K, committed 3072K, reserved 1048576K
}
Event: 7.987 GC heap before
{Heap before GC invocations=16 (full 0):
 garbage-first heap   total 99328K, used 58000K [0x0000000080000000, 0x0000000100000000)
  region size 1024K, 6 young (6144K), 4 survivors (4096K)
 Metaspace       used 27664K, committed 28032K, reserved 1114112K
  class space    used 2902K, committed 3072K, reserved 1048576K
}
Event: 7.990 GC heap after
{Heap after GC invocations=17 (full 0):
 garbage-first heap   total 99328K, used 57777K [0x0000000080000000, 0x0000000100000000)
  region size 1024K, 1 young (1024K), 1 survivors (1024K)
 Metaspace       used 27664K, committed 28032K, reserved 1114112K
  class space    used 2902K, committed 3072K, reserved 1048576K
}
Event: 8.131 GC heap before
{Heap before GC invocations=18 (full 0):
 garbage-first heap   total 117760K, used 77233K [0x0000000080000000, 0x0000000100000000)
  region size 1024K, 19 young (19456K), 1 survivors (1024K)
 Metaspace       used 27689K, committed 28096K, reserved 1114112K
  class space    used 2902K, committed 3072K, reserved 1048576K
}
Event: 8.136 GC heap after
{Heap after GC invocations=19 (full 0):
 garbage-first heap   total 117760K, used 63800K [0x0000000080000000, 0x0000000100000000)
  region size 1024K, 3 young (3072K), 3 survivors (3072K)
 Metaspace       used 27689K, committed 28096K, reserved 1114112K
  class space    used 2902K, committed 3072K, reserved 1048576K
}
Event: 8.147 GC heap before
{Heap before GC invocations=19 (full 0):
 garbage-first heap   total 117760K, used 65848K [0x0000000080000000, 0x0000000100000000)
  region size 1024K, 5 young (5120K), 3 survivors (3072K)
 Metaspace       used 27701K, committed 28096K, reserved 1114112K
  class space    used 2902K, committed 3072K, reserved 1048576K
}
Event: 8.151 GC heap after
{Heap after GC invocations=20 (full 0):
 garbage-first heap   total 144384K, used 63709K [0x0000000080000000, 0x0000000100000000)
  region size 1024K, 1 young (1024K), 1 survivors (1024K)
 Metaspace       used 27701K, committed 28096K, reserved 1114112K
  class space    used 2902K, committed 3072K, reserved 1048576K
}
Event: 9.556 GC heap before
{Heap before GC invocations=20 (full 0):
 garbage-first heap   total 144384K, used 95453K [0x0000000080000000, 0x0000000100000000)
  region size 1024K, 33 young (33792K), 1 survivors (1024K)
 Metaspace       used 28447K, committed 28864K, reserved 1114112K
  class space    used 2960K, committed 3136K, reserved 1048576K
}
Event: 9.560 GC heap after
{Heap after GC invocations=21 (full 0):
 garbage-first heap   total 144384K, used 64746K [0x0000000080000000, 0x0000000100000000)
  region size 1024K, 3 young (3072K), 3 survivors (3072K)
 Metaspace       used 28447K, committed 28864K, reserved 1114112K
  class space    used 2960K, committed 3136K, reserved 1048576K
}

